<?xml version="1.0" encoding="UTF-8"?>
<testng-results ignored="0" total="1" passed="1" failed="0" skipped="0">
  <reporter-output>
  </reporter-output>
  <suite started-at="2023-05-31T14:25:32 IST" name="Suite" finished-at="2023-05-31T14:25:36 IST" duration-ms="3750">
    <groups>
    </groups>
    <test started-at="2023-05-31T14:25:32 IST" name="Test" finished-at="2023-05-31T14:25:36 IST" duration-ms="3750">
      <class name="get">
        <test-method signature="getMethod()[pri:0, instance:get@1d119efb]" started-at="2023-05-31T14:25:32 IST" name="getMethod" finished-at="2023-05-31T14:25:36 IST" duration-ms="3690" status="PASS">
          <reporter-output>
          </reporter-output>
        </test-method> <!-- getMethod -->
      </class> <!-- get -->
    </test> <!-- Test -->
  </suite> <!-- Suite -->
</testng-results>
